Found 179 movies to update.
Processing: Avatar (2009)...
Successfully updated Avatar
Processing: Pirates of the Caribbean: At World's End (2007)...
Successfully updated Pirates of the Caribbean: At World's End
Processing: The World's End (2007)...
Successfully updated The World's End
Processing: Spectre (2015)...
Successfully updated Spectre
Processing: The Dark Knight Rises (2012)...
Successfully updated The Dark Knight Rises
Processing: The Dark Knight (2012)...
Successfully updated The Dark Knight
Processing: John Carter (2012)...
Successfully updated John Carter
Processing: Spider-Man 3 (2007)...
Successfully updated Spider-Man 3
Processing: Spider-Man (2007)...
Successfully updated Spider-Man
Traceback (most recent call last):
  File "/home/c_jalloh/Documents/School/Year 4/Advanced Application/Project/scrape_posters.py", line 106, in <module>
    main()
  File "/home/c_jalloh/Documents/School/Year 4/Advanced Application/Project/scrape_posters.py", line 99, in main
    time.sleep(random.uniform(1, 3))
KeyboardInterrupt
